# JRE version: OpenJDK Runtime Environment Temurin-21.0.11+10 (21.0.11+10) (build 21.0.11+10-LTS)
# Java VM: OpenJDK 64-Bit Server VM Temurin-21.0.11+10 (21.0.11+10-LTS, mixed mode, sharing, tiered, compressed oops, compressed class ptrs, parallel gc, windows-amd64)
GC Precious Log:
 CardTable entry size: 512
 CPUs: 16 total, 16 available
 Memory: 16068M
 Large Page Support: Disabled
 NUMA Support: Disabled
 Compressed Oops: Enabled (32-bit)
 Alignments: Space 512K, Generation 512K, Heap 2M
 Heap Min Capacity: 100M
 Heap Initial Capacity: 100M
 Heap Max Capacity: 2G
 Pre-touch: Disabled
 Parallel Workers: 13
Heap:
 PSYoungGen      total 4608K, used 4404K [0x00000000d5580000, 0x00000000d5c00000, 0x0000000100000000)
  eden space 4096K, 98% used [0x00000000d5580000,0x00000000d5975360,0x00000000d5980000)
  from space 512K, 68% used [0x00000000d5b80000,0x00000000d5bd8000,0x00000000d5c00000)
  to   space 512K, 0% used [0x00000000d5b00000,0x00000000d5b00000,0x00000000d5b80000)
 ParOldGen       total 513024K, used 421642K [0x0000000080000000, 0x000000009f500000, 0x00000000d5580000)
  object space 513024K, 82% used [0x0000000080000000,0x0000000099bc2a70,0x000000009f500000)
 Metaspace       used 72217K, committed 73728K, reserved 1179648K
  class space    used 7277K, committed 7936K, reserved 1048576K
GC Heap History (20 events):
Event: 88472.618 GC heap before
{Heap before GC invocations=923 (full 4):
 PSYoungGen      total 2048K, used 1575K [0x00000000d5580000, 0x00000000d5a80000, 0x0000000100000000)
  eden space 1024K, 96% used [0x00000000d5580000,0x00000000d5676228,0x00000000d5680000)
  from space 1024K, 57% used [0x00000000d5980000,0x00000000d5a13cc0,0x00000000d5a80000)
  to   space 1024K, 0% used [0x00000000d5880000,0x00000000d5880000,0x00000000d5980000)
 ParOldGen       total 513024K, used 410523K [0x0000000080000000, 0x000000009f500000, 0x00000000d5580000)
  object space 513024K, 80% used [0x0000000080000000,0x00000000990e6e58,0x000000009f500000)
 Metaspace       used 72172K, committed 73664K, reserved 1179648K
  class space    used 7272K, committed 7936K, reserved 1048576K
}
Event: 88472.623 GC heap after
{Heap after GC invocations=923 (full 4):
 PSYoungGen      total 2560K, used 988K [0x00000000d5580000, 0x00000000d5a00000, 0x0000000100000000)
  eden space 1536K, 0% used [0x00000000d5580000,0x00000000d5580000,0x00000000d5700000)
  from space 1024K, 96% used [0x00000000d5880000,0x00000000d5977300,0x00000000d5980000)
  to   space 512K, 0% used [0x00000000d5980000,0x00000000d5980000,0x00000000d5a00000)
 ParOldGen       total 513024K, used 410899K [0x0000000080000000, 0x000000009f500000, 0x00000000d5580000)
  object space 513024K, 80% used [0x0000000080000000,0x0000000099144e58,0x000000009f500000)
 Metaspace       used 72172K, committed 73664K, reserved 1179648K
  class space    used 7272K, committed 7936K, reserved 1048576K
}
Event: 88472.655 GC heap before
{Heap before GC invocations=924 (full 4):
 PSYoungGen      total 2560K, used 2418K [0x00000000d5580000, 0x00000000d5a00000, 0x0000000100000000)
  eden space 1536K, 93% used [0x00000000d5580000,0x00000000d56e5590,0x00000000d5700000)
  from space 1024K, 96% used [0x00000000d5880000,0x00000000d5977300,0x00000000d5980000)
  to   space 512K, 0% used [0x00000000d5980000,0x00000000d5980000,0x00000000d5a00000)
 ParOldGen       total 513024K, used 410899K [0x0000000080000000, 0x000000009f500000, 0x00000000d5580000)
  object space 513024K, 80% used [0x0000000080000000,0x0000000099144e58,0x000000009f500000)
 Metaspace       used 72172K, committed 73664K, reserved 1179648K
  class space    used 7272K, committed 7936K, reserved 1048576K
}
Event: 88472.662 GC heap after
{Heap after GC invocations=924 (full 4):
 PSYoungGen      total 2560K, used 508K [0x00000000d5580000, 0x00000000d5b80000, 0x0000000100000000)
  eden space 2048K, 0% used [0x00000000d5580000,0x00000000d5580000,0x00000000d5780000)
  from space 512K, 99% used [0x00000000d5980000,0x00000000d59ff300,0x00000000d5a00000)
  to   space 2048K, 0% used [0x00000000d5780000,0x00000000d5780000,0x00000000d5980000)
 ParOldGen       total 513024K, used 412134K [0x0000000080000000, 0x000000009f500000, 0x00000000d5580000)
  object space 513024K, 80% used [0x0000000080000000,0x0000000099279918,0x000000009f500000)
 Metaspace       used 72172K, committed 73664K, reserved 1179648K
  class space    used 7272K, committed 7936K, reserved 1048576K
}
Event: 88472.667 GC heap before
{Heap before GC invocations=925 (full 4):
 PSYoungGen      total 2560K, used 2556K [0x00000000d5580000, 0x00000000d5b80000, 0x0000000100000000)
  eden space 2048K, 100% used [0x00000000d5580000,0x00000000d5780000,0x00000000d5780000)
  from space 512K, 99% used [0x00000000d5980000,0x00000000d59ff300,0x00000000d5a00000)
  to   space 2048K, 0% used [0x00000000d5780000,0x00000000d5780000,0x00000000d5980000)
 ParOldGen       total 513024K, used 412134K [0x0000000080000000, 0x000000009f500000, 0x00000000d5580000)
  object space 513024K, 80% used [0x0000000080000000,0x0000000099279918,0x000000009f500000)
 Metaspace       used 72172K, committed 73664K, reserved 1179648K
  class space    used 7272K, committed 7936K, reserved 1048576K
}
Event: 88472.676 GC heap after
{Heap after GC invocations=925 (full 4):
 PSYoungGen      total 4096K, used 2021K [0x00000000d5580000, 0x00000000d5e00000, 0x0000000100000000)
  eden space 2048K, 0% used [0x00000000d5580000,0x00000000d5580000,0x00000000d5780000)
  from space 2048K, 98% used [0x00000000d5780000,0x00000000d59797b0,0x00000000d5980000)
  to   space 3072K, 0% used [0x00000000d5b00000,0x00000000d5b00000,0x00000000d5e00000)
 ParOldGen       total 513024K, used 412739K [0x0000000080000000, 0x000000009f500000, 0x00000000d5580000)
  object space 513024K, 80% used [0x0000000080000000,0x0000000099310c18,0x000000009f500000)
 Metaspace       used 72172K, committed 73664K, reserved 1179648K
  class space    used 7272K, committed 7936K, reserved 1048576K
}
Event: 88472.685 GC heap before
{Heap before GC invocations=926 (full 4):
 PSYoungGen      total 4096K, used 4069K [0x00000000d5580000, 0x00000000d5e00000, 0x0000000100000000)
  eden space 2048K, 100% used [0x00000000d5580000,0x00000000d5780000,0x00000000d5780000)
  from space 2048K, 98% used [0x00000000d5780000,0x00000000d59797b0,0x00000000d5980000)
  to   space 3072K, 0% used [0x00000000d5b00000,0x00000000d5b00000,0x00000000d5e00000)
 ParOldGen       total 513024K, used 412739K [0x0000000080000000, 0x000000009f500000, 0x00000000d5580000)
  object space 513024K, 80% used [0x0000000080000000,0x0000000099310c18,0x000000009f500000)
 Metaspace       used 72172K, committed 73664K, reserved 1179648K
  class space    used 7272K, committed 7936K, reserved 1048576K
}
Event: 88472.702 GC heap after
{Heap after GC invocations=926 (full 4):
 PSYoungGen      total 4608K, used 2002K [0x00000000d5580000, 0x00000000d5d00000, 0x0000000100000000)
  eden space 2560K, 0% used [0x00000000d5580000,0x00000000d5580000,0x00000000d5800000)
  from space 2048K, 97% used [0x00000000d5b00000,0x00000000d5cf4800,0x00000000d5d00000)
  to   space 2560K, 0% used [0x00000000d5800000,0x00000000d5800000,0x00000000d5a80000)
 ParOldGen       total 513024K, used 414784K [0x0000000080000000, 0x000000009f500000, 0x00000000d5580000)
  object space 513024K, 80% used [0x0000000080000000,0x00000000995103c8,0x000000009f500000)
 Metaspace       used 72172K, committed 73664K, reserved 1179648K
  class space    used 7272K, committed 7936K, reserved 1048576K
}
Event: 88472.758 GC heap before
{Heap before GC invocations=927 (full 4):
 PSYoungGen      total 4608K, used 4543K [0x00000000d5580000, 0x00000000d5d00000, 0x0000000100000000)
  eden space 2560K, 99% used [0x00000000d5580000,0x00000000d57fb5e0,0x00000000d5800000)
  from space 2048K, 97% used [0x00000000d5b00000,0x00000000d5cf4800,0x00000000d5d00000)
  to   space 2560K, 0% used [0x00000000d5800000,0x00000000d5800000,0x00000000d5a80000)
 ParOldGen       total 513024K, used 414784K [0x0000000080000000, 0x000000009f500000, 0x00000000d5580000)
  object space 513024K, 80% used [0x0000000080000000,0x00000000995103c8,0x000000009f500000)
 Metaspace       used 72172K, committed 73664K, reserved 1179648K
  class space    used 7272K, committed 7936K, reserved 1048576K
}
Event: 88472.771 GC heap after
{Heap after GC invocations=927 (full 4):
 PSYoungGen      total 5120K, used 1845K [0x00000000d5580000, 0x00000000d5c80000, 0x0000000100000000)
  eden space 2560K, 0% used [0x00000000d5580000,0x00000000d5580000,0x00000000d5800000)
  from space 2560K, 72% used [0x00000000d5800000,0x00000000d59cd550,0x00000000d5a80000)
  to   space 2048K, 0% used [0x00000000d5a80000,0x00000000d5a80000,0x00000000d5c80000)
 ParOldGen       total 513024K, used 416440K [0x0000000080000000, 0x000000009f500000, 0x00000000d5580000)
  object space 513024K, 81% used [0x0000000080000000,0x00000000996ae3c8,0x000000009f500000)
 Metaspace       used 72172K, committed 73664K, reserved 1179648K
  class space    used 7272K, committed 7936K, reserved 1048576K
}
Event: 88472.801 GC heap before
{Heap before GC invocations=928 (full 4):
 PSYoungGen      total 5120K, used 4405K [0x00000000d5580000, 0x00000000d5c80000, 0x0000000100000000)
  eden space 2560K, 100% used [0x00000000d5580000,0x00000000d5800000,0x00000000d5800000)
  from space 2560K, 72% used [0x00000000d5800000,0x00000000d59cd550,0x00000000d5a80000)
  to   space 2048K, 0% used [0x00000000d5a80000,0x00000000d5a80000,0x00000000d5c80000)
 ParOldGen       total 513024K, used 416440K [0x0000000080000000, 0x000000009f500000, 0x00000000d5580000)
  object space 513024K, 81% used [0x0000000080000000,0x00000000996ae3c8,0x000000009f500000)
 Metaspace       used 72172K, committed 73664K, reserved 1179648K
  class space    used 7272K, committed 7936K, reserved 1048576K
}
Event: 88472.812 GC heap after
{Heap after GC invocations=928 (full 4):
 PSYoungGen      total 4608K, used 1120K [0x00000000d5580000, 0x00000000d5c00000, 0x0000000100000000)
  eden space 3072K, 0% used [0x00000000d5580000,0x00000000d5580000,0x00000000d5880000)
  from space 1536K, 72% used [0x00000000d5a80000,0x00000000d5b98030,0x00000000d5c00000)
  to   space 1536K, 0% used [0x00000000d5900000,0x00000000d5900000,0x00000000d5a80000)
 ParOldGen       total 513024K, used 418469K [0x0000000080000000, 0x000000009f500000, 0x00000000d5580000)
  object space 513024K, 81% used [0x0000000080000000,0x00000000998a97c8,0x000000009f500000)
 Metaspace       used 72172K, committed 73664K, reserved 1179648K
  class space    used 7272K, committed 7936K, reserved 1048576K
}
Event: 88472.832 GC heap before
{Heap before GC invocations=929 (full 4):
 PSYoungGen      total 4608K, used 4192K [0x00000000d5580000, 0x00000000d5c00000, 0x0000000100000000)
  eden space 3072K, 100% used [0x00000000d5580000,0x00000000d5880000,0x00000000d5880000)
  from space 1536K, 72% used [0x00000000d5a80000,0x00000000d5b98030,0x00000000d5c00000)
  to   space 1536K, 0% used [0x00000000d5900000,0x00000000d5900000,0x00000000d5a80000)
 ParOldGen       total 513024K, used 418469K [0x0000000080000000, 0x000000009f500000, 0x00000000d5580000)
  object space 513024K, 81% used [0x0000000080000000,0x00000000998a97c8,0x000000009f500000)
 Metaspace       used 72173K, committed 73664K, reserved 1179648K
  class space    used 7272K, committed 7936K, reserved 1048576K
}
Event: 88472.841 GC heap after
{Heap after GC invocations=929 (full 4):
 PSYoungGen      total 5120K, used 1408K [0x00000000d5580000, 0x00000000d5c80000, 0x0000000100000000)
  eden space 3584K, 0% used [0x00000000d5580000,0x00000000d5580000,0x00000000d5900000)
  from space 1536K, 91% used [0x00000000d5900000,0x00000000d5a60020,0x00000000d5a80000)
  to   space 1536K, 0% used [0x00000000d5b00000,0x00000000d5b00000,0x00000000d5c80000)
 ParOldGen       total 513024K, used 419469K [0x0000000080000000, 0x000000009f500000, 0x00000000d5580000)
  object space 513024K, 81% used [0x0000000080000000,0x00000000999a37f8,0x000000009f500000)
 Metaspace       used 72173K, committed 73664K, reserved 1179648K
  class space    used 7272K, committed 7936K, reserved 1048576K
}
Event: 88472.913 GC heap before
{Heap before GC invocations=930 (full 4):
 PSYoungGen      total 5120K, used 4992K [0x00000000d5580000, 0x00000000d5c80000, 0x0000000100000000)
  eden space 3584K, 100% used [0x00000000d5580000,0x00000000d5900000,0x00000000d5900000)
  from space 1536K, 91% used [0x00000000d5900000,0x00000000d5a60020,0x00000000d5a80000)
  to   space 1536K, 0% used [0x00000000d5b00000,0x00000000d5b00000,0x00000000d5c80000)
 ParOldGen       total 513024K, used 419469K [0x0000000080000000, 0x000000009f500000, 0x00000000d5580000)
  object space 513024K, 81% used [0x0000000080000000,0x00000000999a37f8,0x000000009f500000)
 Metaspace       used 72173K, committed 73664K, reserved 1179648K
  class space    used 7272K, committed 7936K, reserved 1048576K
}
Event: 88472.921 GC heap after
{Heap after GC invocations=930 (full 4):
 PSYoungGen      total 5632K, used 1346K [0x00000000d5580000, 0x00000000d5d00000, 0x0000000100000000)
  eden space 4096K, 0% used [0x00000000d5580000,0x00000000d5580000,0x00000000d5980000)
  from space 1536K, 87% used [0x00000000d5b00000,0x00000000d5c509c0,0x00000000d5c80000)
  to   space 1536K, 0% used [0x00000000d5980000,0x00000000d5980000,0x00000000d5b00000)
 ParOldGen       total 513024K, used 420320K [0x0000000080000000, 0x000000009f500000, 0x00000000d5580000)
  object space 513024K, 81% used [0x0000000080000000,0x0000000099a783a0,0x000000009f500000)
 Metaspace       used 72173K, committed 73664K, reserved 1179648K
  class space    used 7272K, committed 7936K, reserved 1048576K
}
Event: 94173.149 GC heap before
{Heap before GC invocations=931 (full 4):
 PSYoungGen      total 5632K, used 5442K [0x00000000d5580000, 0x00000000d5d00000, 0x0000000100000000)
  eden space 4096K, 100% used [0x00000000d5580000,0x00000000d5980000,0x00000000d5980000)
  from space 1536K, 87% used [0x00000000d5b00000,0x00000000d5c509c0,0x00000000d5c80000)
  to   space 1536K, 0% used [0x00000000d5980000,0x00000000d5980000,0x00000000d5b00000)
 ParOldGen       total 513024K, used 420320K [0x0000000080000000, 0x000000009f500000, 0x00000000d5580000)
  object space 513024K, 81% used [0x0000000080000000,0x0000000099a783a0,0x000000009f500000)
 Metaspace       used 72204K, committed 73664K, reserved 1179648K
  class space    used 7277K, committed 7936K, reserved 1048576K
}
Event: 94173.329 GC heap after
{Heap after GC invocations=931 (full 4):
 PSYoungGen      total 5632K, used 506K [0x00000000d5580000, 0x00000000d5c80000, 0x0000000100000000)
  eden space 4096K, 0% used [0x00000000d5580000,0x00000000d5580000,0x00000000d5980000)
  from space 1536K, 32% used [0x00000000d5980000,0x00000000d59fe810,0x00000000d5b00000)
  to   space 1024K, 0% used [0x00000000d5b80000,0x00000000d5b80000,0x00000000d5c80000)
 ParOldGen       total 513024K, used 421344K [0x0000000080000000, 0x000000009f500000, 0x00000000d5580000)
  object space 513024K, 82% used [0x0000000080000000,0x0000000099b78260,0x000000009f500000)
 Metaspace       used 72204K, committed 73664K, reserved 1179648K
  class space    used 7277K, committed 7936K, reserved 1048576K
}
Event: 158254.064 GC heap before
{Heap before GC invocations=932 (full 4):
 PSYoungGen      total 5632K, used 4601K [0x00000000d5580000, 0x00000000d5c80000, 0x0000000100000000)
  eden space 4096K, 99% used [0x00000000d5580000,0x00000000d597ff70,0x00000000d5980000)
  from space 1536K, 32% used [0x00000000d5980000,0x00000000d59fe810,0x00000000d5b00000)
  to   space 1024K, 0% used [0x00000000d5b80000,0x00000000d5b80000,0x00000000d5c80000)
 ParOldGen       total 513024K, used 421344K [0x0000000080000000, 0x000000009f500000, 0x00000000d5580000)
  object space 513024K, 82% used [0x0000000080000000,0x0000000099b78260,0x000000009f500000)
 Metaspace       used 72207K, committed 73664K, reserved 1179648K
  class space    used 7277K, committed 7936K, reserved 1048576K
}
Event: 158254.192 GC heap after
{Heap after GC invocations=932 (full 4):
 PSYoungGen      total 4608K, used 352K [0x00000000d5580000, 0x00000000d5c00000, 0x0000000100000000)
  eden space 4096K, 0% used [0x00000000d5580000,0x00000000d5580000,0x00000000d5980000)
  from space 512K, 68% used [0x00000000d5b80000,0x00000000d5bd8000,0x00000000d5c00000)
  to   space 512K, 0% used [0x00000000d5b00000,0x00000000d5b00000,0x00000000d5b80000)
 ParOldGen       total 513024K, used 421642K [0x0000000080000000, 0x000000009f500000, 0x00000000d5580000)
  object space 513024K, 82% used [0x0000000080000000,0x0000000099bc2a70,0x000000009f500000)
 Metaspace       used 72207K, committed 73664K, reserved 1179648K
  class space    used 7277K, committed 7936K, reserved 1048576K
}

