# JRE version: OpenJDK Runtime Environment Temurin-21.0.12.1+1 (21.0.12.1+1) (build 21.0.12.1+1-LTS)
# Java VM: OpenJDK 64-Bit Server VM Temurin-21.0.12.1+1 (21.0.12.1+1-LTS, mixed mode, sharing, tiered, compressed oops, compressed class ptrs, parallel gc, windows-amd64)
GC Precious Log:
 CardTable entry size: 512
 CPUs: 16 total, 16 available
 Memory: 16068M
 Large Page Support: Disabled
 NUMA Support: Disabled
 Compressed Oops: Enabled (Zero based)
 Alignments: Space 512K, Generation 512K, Heap 2M
 Heap Min Capacity: 100M
 Heap Initial Capacity: 100M
 Heap Max Capacity: 8G
 Pre-touch: Disabled
 Parallel Workers: 13
Heap:
 PSYoungGen      total 86016K, used 23391K [0x0000000755580000, 0x000000075d480000, 0x0000000800000000)
  eden space 80384K, 22% used [0x0000000755580000,0x00000007566daae8,0x000000075a400000)
  from space 5632K, 99% used [0x000000075b600000,0x000000075bb7d438,0x000000075bb80000)
  to   space 18432K, 0% used [0x000000075a400000,0x000000075a400000,0x000000075b600000)
 ParOldGen       total 1402368K, used 927537K [0x0000000600000000, 0x0000000655980000, 0x0000000755580000)
  object space 1402368K, 66% used [0x0000000600000000,0x00000006389cc7c8,0x0000000655980000)
 Metaspace       used 75373K, committed 77696K, reserved 1179648K
  class space    used 7740K, committed 8832K, reserved 1048576K
GC Heap History (20 events):
Event: 10841.257 GC heap before
{Heap before GC invocations=1702 (full 5):
 PSYoungGen      total 88576K, used 88571K [0x0000000755580000, 0x000000075cc80000, 0x0000000800000000)
  eden space 79360K, 100% used [0x0000000755580000,0x000000075a300000,0x000000075a300000)
  from space 9216K, 99% used [0x000000075c380000,0x000000075cc7ef60,0x000000075cc80000)
  to   space 9728K, 0% used [0x000000075b980000,0x000000075b980000,0x000000075c300000)
 ParOldGen       total 1402368K, used 816363K [0x0000000600000000, 0x0000000655980000, 0x0000000755580000)
  object space 1402368K, 58% used [0x0000000600000000,0x0000000631d3ad18,0x0000000655980000)
 Metaspace       used 75344K, committed 77696K, reserved 1179648K
  class space    used 7740K, committed 8832K, reserved 1048576K
}
Event: 10841.349 GC heap after
{Heap after GC invocations=1702 (full 5):
 PSYoungGen      total 86528K, used 9705K [0x0000000755580000, 0x000000075cc80000, 0x0000000800000000)
  eden space 76800K, 0% used [0x0000000755580000,0x0000000755580000,0x000000075a080000)
  from space 9728K, 99% used [0x000000075b980000,0x000000075c2fa478,0x000000075c300000)
  to   space 9728K, 0% used [0x000000075c300000,0x000000075c300000,0x000000075cc80000)
 ParOldGen       total 1402368K, used 826819K [0x0000000600000000, 0x0000000655980000, 0x0000000755580000)
  object space 1402368K, 58% used [0x0000000600000000,0x0000000632770f90,0x0000000655980000)
 Metaspace       used 75344K, committed 77696K, reserved 1179648K
  class space    used 7740K, committed 8832K, reserved 1048576K
}
Event: 10841.526 GC heap before
{Heap before GC invocations=1703 (full 5):
 PSYoungGen      total 86528K, used 86505K [0x0000000755580000, 0x000000075cc80000, 0x0000000800000000)
  eden space 76800K, 100% used [0x0000000755580000,0x000000075a080000,0x000000075a080000)
  from space 9728K, 99% used [0x000000075b980000,0x000000075c2fa478,0x000000075c300000)
  to   space 9728K, 0% used [0x000000075c300000,0x000000075c300000,0x000000075cc80000)
 ParOldGen       total 1402368K, used 826819K [0x0000000600000000, 0x0000000655980000, 0x0000000755580000)
  object space 1402368K, 58% used [0x0000000600000000,0x0000000632770f90,0x0000000655980000)
 Metaspace       used 75346K, committed 77696K, reserved 1179648K
  class space    used 7740K, committed 8832K, reserved 1048576K
}
Event: 10841.579 GC heap after
{Heap after GC invocations=1703 (full 5):
 PSYoungGen      total 83968K, used 9716K [0x0000000755580000, 0x000000075cc80000, 0x0000000800000000)
  eden space 74240K, 0% used [0x0000000755580000,0x0000000755580000,0x0000000759e00000)
  from space 9728K, 99% used [0x000000075c300000,0x000000075cc7d118,0x000000075cc80000)
  to   space 22528K, 0% used [0x000000075a080000,0x000000075a080000,0x000000075b680000)
 ParOldGen       total 1402368K, used 838450K [0x0000000600000000, 0x0000000655980000, 0x0000000755580000)
  object space 1402368K, 59% used [0x0000000600000000,0x00000006332cc878,0x0000000655980000)
 Metaspace       used 75346K, committed 77696K, reserved 1179648K
  class space    used 7740K, committed 8832K, reserved 1048576K
}
Event: 10841.840 GC heap before
{Heap before GC invocations=1704 (full 5):
 PSYoungGen      total 83968K, used 83956K [0x0000000755580000, 0x000000075cc80000, 0x0000000800000000)
  eden space 74240K, 100% used [0x0000000755580000,0x0000000759e00000,0x0000000759e00000)
  from space 9728K, 99% used [0x000000075c300000,0x000000075cc7d118,0x000000075cc80000)
  to   space 22528K, 0% used [0x000000075a080000,0x000000075a080000,0x000000075b680000)
 ParOldGen       total 1402368K, used 838450K [0x0000000600000000, 0x0000000655980000, 0x0000000755580000)
  object space 1402368K, 59% used [0x0000000600000000,0x00000006332cc878,0x0000000655980000)
 Metaspace       used 75347K, committed 77696K, reserved 1179648K
  class space    used 7740K, committed 8832K, reserved 1048576K
}
Event: 10841.881 GC heap after
{Heap after GC invocations=1704 (full 5):
 PSYoungGen      total 86016K, used 14171K [0x0000000755580000, 0x000000075c380000, 0x0000000800000000)
  eden space 71680K, 0% used [0x0000000755580000,0x0000000755580000,0x0000000759b80000)
  from space 14336K, 98% used [0x000000075a080000,0x000000075ae56da8,0x000000075ae80000)
  to   space 16896K, 0% used [0x000000075b300000,0x000000075b300000,0x000000075c380000)
 ParOldGen       total 1402368K, used 853234K [0x0000000600000000, 0x0000000655980000, 0x0000000755580000)
  object space 1402368K, 60% used [0x0000000600000000,0x000000063413c838,0x0000000655980000)
 Metaspace       used 75347K, committed 77696K, reserved 1179648K
  class space    used 7740K, committed 8832K, reserved 1048576K
}
Event: 10842.293 GC heap before
{Heap before GC invocations=1705 (full 5):
 PSYoungGen      total 86016K, used 85851K [0x0000000755580000, 0x000000075c380000, 0x0000000800000000)
  eden space 71680K, 100% used [0x0000000755580000,0x0000000759b80000,0x0000000759b80000)
  from space 14336K, 98% used [0x000000075a080000,0x000000075ae56da8,0x000000075ae80000)
  to   space 16896K, 0% used [0x000000075b300000,0x000000075b300000,0x000000075c380000)
 ParOldGen       total 1402368K, used 853234K [0x0000000600000000, 0x0000000655980000, 0x0000000755580000)
  object space 1402368K, 60% used [0x0000000600000000,0x000000063413c838,0x0000000655980000)
 Metaspace       used 75347K, committed 77696K, reserved 1179648K
  class space    used 7740K, committed 8832K, reserved 1048576K
}
Event: 10842.467 GC heap after
{Heap after GC invocations=1705 (full 5):
 PSYoungGen      total 69632K, used 16865K [0x0000000755580000, 0x000000075ed00000, 0x0000000800000000)
  eden space 52736K, 0% used [0x0000000755580000,0x0000000755580000,0x0000000758900000)
  from space 16896K, 99% used [0x000000075b300000,0x000000075c378448,0x000000075c380000)
  to   space 43008K, 0% used [0x0000000758900000,0x0000000758900000,0x000000075b300000)
 ParOldGen       total 1402368K, used 874737K [0x0000000600000000, 0x0000000655980000, 0x0000000755580000)
  object space 1402368K, 62% used [0x0000000600000000,0x000000063563c7c8,0x0000000655980000)
 Metaspace       used 75347K, committed 77696K, reserved 1179648K
  class space    used 7740K, committed 8832K, reserved 1048576K
}
Event: 10842.554 GC heap before
{Heap before GC invocations=1706 (full 5):
 PSYoungGen      total 69632K, used 69601K [0x0000000755580000, 0x000000075ed00000, 0x0000000800000000)
  eden space 52736K, 100% used [0x0000000755580000,0x0000000758900000,0x0000000758900000)
  from space 16896K, 99% used [0x000000075b300000,0x000000075c378448,0x000000075c380000)
  to   space 43008K, 0% used [0x0000000758900000,0x0000000758900000,0x000000075b300000)
 ParOldGen       total 1402368K, used 874737K [0x0000000600000000, 0x0000000655980000, 0x0000000755580000)
  object space 1402368K, 62% used [0x0000000600000000,0x000000063563c7c8,0x0000000655980000)
 Metaspace       used 75347K, committed 77696K, reserved 1179648K
  class space    used 7740K, committed 8832K, reserved 1048576K
}
Event: 10842.634 GC heap after
{Heap after GC invocations=1706 (full 5):
 PSYoungGen      total 60416K, used 7437K [0x0000000755580000, 0x000000075b880000, 0x0000000800000000)
  eden space 52736K, 0% used [0x0000000755580000,0x0000000755580000,0x0000000758900000)
  from space 7680K, 96% used [0x0000000758900000,0x00000007590434c0,0x0000000759080000)
  to   space 18944K, 0% used [0x000000075a600000,0x000000075a600000,0x000000075b880000)
 ParOldGen       total 1402368K, used 892520K [0x0000000600000000, 0x0000000655980000, 0x0000000755580000)
  object space 1402368K, 63% used [0x0000000600000000,0x000000063679a390,0x0000000655980000)
 Metaspace       used 75347K, committed 77696K, reserved 1179648K
  class space    used 7740K, committed 8832K, reserved 1048576K
}
Event: 10842.738 GC heap before
{Heap before GC invocations=1707 (full 5):
 PSYoungGen      total 60416K, used 59940K [0x0000000755580000, 0x000000075b880000, 0x0000000800000000)
  eden space 52736K, 99% used [0x0000000755580000,0x00000007588c5dc8,0x0000000758900000)
  from space 7680K, 96% used [0x0000000758900000,0x00000007590434c0,0x0000000759080000)
  to   space 18944K, 0% used [0x000000075a600000,0x000000075a600000,0x000000075b880000)
 ParOldGen       total 1402368K, used 892520K [0x0000000600000000, 0x0000000655980000, 0x0000000755580000)
  object space 1402368K, 63% used [0x0000000600000000,0x000000063679a390,0x0000000655980000)
 Metaspace       used 75347K, committed 77696K, reserved 1179648K
  class space    used 7740K, committed 8832K, reserved 1048576K
}
Event: 10842.765 GC heap after
{Heap after GC invocations=1707 (full 5):
 PSYoungGen      total 69120K, used 5474K [0x0000000755580000, 0x000000075ab80000, 0x0000000800000000)
  eden space 63488K, 0% used [0x0000000755580000,0x0000000755580000,0x0000000759380000)
  from space 5632K, 97% used [0x000000075a600000,0x000000075ab58bf0,0x000000075ab80000)
  to   space 8192K, 0% used [0x0000000759b80000,0x0000000759b80000,0x000000075a380000)
 ParOldGen       total 1402368K, used 899621K [0x0000000600000000, 0x0000000655980000, 0x0000000755580000)
  object space 1402368K, 64% used [0x0000000600000000,0x0000000636e89418,0x0000000655980000)
 Metaspace       used 75347K, committed 77696K, reserved 1179648K
  class space    used 7740K, committed 8832K, reserved 1048576K
}
Event: 10842.834 GC heap before
{Heap before GC invocations=1708 (full 5):
 PSYoungGen      total 69120K, used 68962K [0x0000000755580000, 0x000000075ab80000, 0x0000000800000000)
  eden space 63488K, 100% used [0x0000000755580000,0x0000000759380000,0x0000000759380000)
  from space 5632K, 97% used [0x000000075a600000,0x000000075ab58bf0,0x000000075ab80000)
  to   space 8192K, 0% used [0x0000000759b80000,0x0000000759b80000,0x000000075a380000)
 ParOldGen       total 1402368K, used 899621K [0x0000000600000000, 0x0000000655980000, 0x0000000755580000)
  object space 1402368K, 64% used [0x0000000600000000,0x0000000636e89418,0x0000000655980000)
 Metaspace       used 75347K, committed 77696K, reserved 1179648K
  class space    used 7740K, committed 8832K, reserved 1048576K
}
Event: 10842.853 GC heap after
{Heap after GC invocations=1708 (full 5):
 PSYoungGen      total 79872K, used 5976K [0x0000000755580000, 0x000000075ad00000, 0x0000000800000000)
  eden space 71680K, 0% used [0x0000000755580000,0x0000000755580000,0x0000000759b80000)
  from space 8192K, 72% used [0x0000000759b80000,0x000000075a1560f8,0x000000075a380000)
  to   space 6656K, 0% used [0x000000075a680000,0x000000075a680000,0x000000075ad00000)
 ParOldGen       total 1402368K, used 904792K [0x0000000600000000, 0x0000000655980000, 0x0000000755580000)
  object space 1402368K, 64% used [0x0000000600000000,0x0000000637396088,0x0000000655980000)
 Metaspace       used 75347K, committed 77696K, reserved 1179648K
  class space    used 7740K, committed 8832K, reserved 1048576K
}
Event: 10842.937 GC heap before
{Heap before GC invocations=1709 (full 5):
 PSYoungGen      total 79872K, used 77656K [0x0000000755580000, 0x000000075ad00000, 0x0000000800000000)
  eden space 71680K, 100% used [0x0000000755580000,0x0000000759b80000,0x0000000759b80000)
  from space 8192K, 72% used [0x0000000759b80000,0x000000075a1560f8,0x000000075a380000)
  to   space 6656K, 0% used [0x000000075a680000,0x000000075a680000,0x000000075ad00000)
 ParOldGen       total 1402368K, used 904792K [0x0000000600000000, 0x0000000655980000, 0x0000000755580000)
  object space 1402368K, 64% used [0x0000000600000000,0x0000000637396088,0x0000000655980000)
 Metaspace       used 75347K, committed 77696K, reserved 1179648K
  class space    used 7740K, committed 8832K, reserved 1048576K
}
Event: 10842.957 GC heap after
{Heap after GC invocations=1709 (full 5):
 PSYoungGen      total 83968K, used 5373K [0x0000000755580000, 0x000000075b480000, 0x0000000800000000)
  eden space 77312K, 0% used [0x0000000755580000,0x0000000755580000,0x000000075a100000)
  from space 6656K, 80% used [0x000000075a680000,0x000000075abbf5d8,0x000000075ad00000)
  to   space 5632K, 0% used [0x000000075a100000,0x000000075a100000,0x000000075a680000)
 ParOldGen       total 1402368K, used 911662K [0x0000000600000000, 0x0000000655980000, 0x0000000755580000)
  object space 1402368K, 65% used [0x0000000600000000,0x0000000637a4bab0,0x0000000655980000)
 Metaspace       used 75347K, committed 77696K, reserved 1179648K
  class space    used 7740K, committed 8832K, reserved 1048576K
}
Event: 10843.062 GC heap before
{Heap before GC invocations=1710 (full 5):
 PSYoungGen      total 83968K, used 82685K [0x0000000755580000, 0x000000075b480000, 0x0000000800000000)
  eden space 77312K, 100% used [0x0000000755580000,0x000000075a100000,0x000000075a100000)
  from space 6656K, 80% used [0x000000075a680000,0x000000075abbf5d8,0x000000075ad00000)
  to   space 5632K, 0% used [0x000000075a100000,0x000000075a100000,0x000000075a680000)
 ParOldGen       total 1402368K, used 911662K [0x0000000600000000, 0x0000000655980000, 0x0000000755580000)
  object space 1402368K, 65% used [0x0000000600000000,0x0000000637a4bab0,0x0000000655980000)
 Metaspace       used 75349K, committed 77696K, reserved 1179648K
  class space    used 7740K, committed 8832K, reserved 1048576K
}
Event: 10843.083 GC heap after
{Heap after GC invocations=1710 (full 5):
 PSYoungGen      total 82944K, used 5367K [0x0000000755580000, 0x000000075bb80000, 0x0000000800000000)
  eden space 77312K, 0% used [0x0000000755580000,0x0000000755580000,0x000000075a100000)
  from space 5632K, 95% used [0x000000075a100000,0x000000075a63df60,0x000000075a680000)
  to   space 5632K, 0% used [0x000000075b600000,0x000000075b600000,0x000000075bb80000)
 ParOldGen       total 1402368K, used 916844K [0x0000000600000000, 0x0000000655980000, 0x0000000755580000)
  object space 1402368K, 65% used [0x0000000600000000,0x0000000637f5b088,0x0000000655980000)
 Metaspace       used 75349K, committed 77696K, reserved 1179648K
  class space    used 7740K, committed 8832K, reserved 1048576K
}
Event: 10843.204 GC heap before
{Heap before GC invocations=1711 (full 5):
 PSYoungGen      total 82944K, used 82679K [0x0000000755580000, 0x000000075bb80000, 0x0000000800000000)
  eden space 77312K, 100% used [0x0000000755580000,0x000000075a100000,0x000000075a100000)
  from space 5632K, 95% used [0x000000075a100000,0x000000075a63df60,0x000000075a680000)
  to   space 5632K, 0% used [0x000000075b600000,0x000000075b600000,0x000000075bb80000)
 ParOldGen       total 1402368K, used 916844K [0x0000000600000000, 0x0000000655980000, 0x0000000755580000)
  object space 1402368K, 65% used [0x0000000600000000,0x0000000637f5b088,0x0000000655980000)
 Metaspace       used 75349K, committed 77696K, reserved 1179648K
  class space    used 7740K, committed 8832K, reserved 1048576K
}
Event: 10843.238 GC heap after
{Heap after GC invocations=1711 (full 5):
 PSYoungGen      total 86016K, used 5621K [0x0000000755580000, 0x000000075d480000, 0x0000000800000000)
  eden space 80384K, 0% used [0x0000000755580000,0x0000000755580000,0x000000075a400000)
  from space 5632K, 99% used [0x000000075b600000,0x000000075bb7d438,0x000000075bb80000)
  to   space 18432K, 0% used [0x000000075a400000,0x000000075a400000,0x000000075b600000)
 ParOldGen       total 1402368K, used 927537K [0x0000000600000000, 0x0000000655980000, 0x0000000755580000)
  object space 1402368K, 66% used [0x0000000600000000,0x00000006389cc7c8,0x0000000655980000)
 Metaspace       used 75349K, committed 77696K, reserved 1179648K
  class space    used 7740K, committed 8832K, reserved 1048576K
}

